<?xml version="1.0" encoding="UTF-8"?>
<!-- Generated by org.testng.reporters.JUnitReportReporter -->
<testsuite skipped="1" hostname="LAPTOP-LRQK3FVI" name="Test_cases.Test_case_login_DDT_2" tests="1" failures="0" timestamp="12 Oct 2021 04:19:42 GMT" time="0.000" errors="0">
  <testcase name="loginDDT" time="0.000" classname="Test_cases.Test_case_login_DDT_2">
    <skipped/>
  </testcase> <!-- loginDDT -->
</testsuite> <!-- Test_cases.Test_case_login_DDT_2 -->
