<?xml version="1.0" encoding="UTF-8"?>
<!-- Generated by org.testng.reporters.JUnitReportReporter -->
<testsuite skipped="0" hostname="LAPTOP-LRQK3FVI" name="Test_cases.Test_case_1" tests="2" failures="0" timestamp="13 Oct 2021 06:46:54 GMT" time="8.445" errors="0">
  <testcase name="StartTest" time="3.978" classname="Test_cases.Test_case_1"/>
  <testcase name="StartTest" time="4.467" classname="Test_cases.Test_case_1"/>
</testsuite> <!-- Test_cases.Test_case_1 -->
