<?xml version="1.0" encoding="UTF-8"?>
<!-- Generated by org.testng.reporters.JUnitReportReporter -->
<testsuite skipped="0" hostname="LAPTOP-LRQK3FVI" name="Test_cases.Test_case_3" tests="2" failures="0" timestamp="13 Oct 2021 06:46:54 GMT" time="21.857" errors="0">
  <testcase name="addNewCustomer" time="10.437" classname="Test_cases.Test_case_3"/>
  <testcase name="addNewCustomer" time="11.420" classname="Test_cases.Test_case_3"/>
</testsuite> <!-- Test_cases.Test_case_3 -->
