<?xml version="1.0" encoding="UTF-8"?>
<!-- Generated by org.testng.reporters.JUnitReportReporter -->
<testsuite skipped="0" hostname="LAPTOP-LRQK3FVI" name="Test_cases.Test_case_1" tests="2" failures="0" timestamp="2021-10-13T16:39:27 IST" time="9.237" errors="0">
  <testcase name="StartTest" time="4.271" classname="Test_cases.Test_case_1"/>
  <system-out/>
  <testcase name="StartTest" time="4.966" classname="Test_cases.Test_case_1"/>
  <system-out/>
</testsuite> <!-- Test_cases.Test_case_1 -->
