<?xml version="1.0" encoding="UTF-8"?>
<!-- Generated by org.testng.reporters.JUnitReportReporter -->
<testsuite skipped="0" hostname="LAPTOP-LRQK3FVI" name="Test_cases.Test_case_3" tests="2" failures="0" timestamp="2021-10-13T16:39:27 IST" time="23.228" errors="0">
  <testcase name="addNewCustomer" time="11.389" classname="Test_cases.Test_case_3"/>
  <system-out/>
  <testcase name="addNewCustomer" time="11.839" classname="Test_cases.Test_case_3"/>
  <system-out/>
</testsuite> <!-- Test_cases.Test_case_3 -->
